0 info it worked if it ends with ok
1 verbose cli [ 'D:\\Program Files\\nodejs\\node.exe',
1 verbose cli   'D:\\Program Files\\nodejs\\node_modules\\npm\\bin\\npm-cli.js',
1 verbose cli   'install',
1 verbose cli   'hexo-leancloud-counter-security',
1 verbose cli   '--save' ]
2 info using npm@3.10.10
3 info using node@v6.11.4
4 silly loadCurrentTree Starting
5 silly install loadCurrentTree
6 silly install readLocalPackageData
7 silly fetchPackageMetaData hexo-leancloud-counter-security
8 silly fetchNamedPackageData hexo-leancloud-counter-security
9 silly mapToRegistry name hexo-leancloud-counter-security
10 silly mapToRegistry using default registry
11 silly mapToRegistry registry https://registry.npmjs.org/
12 silly mapToRegistry data Result {
12 silly mapToRegistry   raw: 'hexo-leancloud-counter-security',
12 silly mapToRegistry   scope: null,
12 silly mapToRegistry   escapedName: 'hexo-leancloud-counter-security',
12 silly mapToRegistry   name: 'hexo-leancloud-counter-security',
12 silly mapToRegistry   rawSpec: '',
12 silly mapToRegistry   spec: 'latest',
12 silly mapToRegistry   type: 'tag' }
13 silly mapToRegistry uri https://registry.npmjs.org/hexo-leancloud-counter-security
14 verbose request uri https://registry.npmjs.org/hexo-leancloud-counter-security
15 verbose request no auth needed
16 info attempt registry request try #1 at 14:19:23
17 verbose request id 068fd5325155f824
18 http request GET https://registry.npmjs.org/hexo-leancloud-counter-security
19 info retry will retry, error on last attempt: Error: connect ETIMEDOUT 104.16.27.35:443
20 info attempt registry request try #2 at 14:19:54
21 http request GET https://registry.npmjs.org/hexo-leancloud-counter-security
22 http 200 https://registry.npmjs.org/hexo-leancloud-counter-security
23 verbose headers { date: 'Sun, 21 Apr 2019 06:19:57 GMT',
23 verbose headers   'content-type': 'application/json',
23 verbose headers   'transfer-encoding': 'chunked',
23 verbose headers   connection: 'keep-alive',
23 verbose headers   'set-cookie': [ '__cfduid=d8a8ba3490a97454e94d9ff39b0ab069d1555827596; expires=Mon, 20-Apr-20 06:19:56 GMT; path=/; domain=.registry.npmjs.org; HttpOnly' ],
23 verbose headers   'cf-cache-status': 'MISS',
23 verbose headers   'cache-control': 'max-age=300',
23 verbose headers   'cf-ray': '4cad3fd07c756cc4-SJC',
23 verbose headers   etag: 'W/"72c86b8178897462d0c524499d8e8249"',
23 verbose headers   'expect-ct': 'max-age=604800, report-uri="https://report-uri.cloudflare.com/cdn-cgi/beacon/expect-ct"',
23 verbose headers   'last-modified': 'Fri, 04 Jan 2019 02:58:29 GMT',
23 verbose headers   vary: 'accept-encoding, accept',
23 verbose headers   'x-amz-meta-rev': '15-19ff37eb9ce490c09819211f98157e93',
23 verbose headers   server: 'cloudflare',
23 verbose headers   'content-encoding': 'gzip' }
24 silly get cb [ 200,
24 silly get   { date: 'Sun, 21 Apr 2019 06:19:57 GMT',
24 silly get     'content-type': 'application/json',
24 silly get     'transfer-encoding': 'chunked',
24 silly get     connection: 'keep-alive',
24 silly get     'set-cookie': [ '__cfduid=d8a8ba3490a97454e94d9ff39b0ab069d1555827596; expires=Mon, 20-Apr-20 06:19:56 GMT; path=/; domain=.registry.npmjs.org; HttpOnly' ],
24 silly get     'cf-cache-status': 'MISS',
24 silly get     'cache-control': 'max-age=300',
24 silly get     'cf-ray': '4cad3fd07c756cc4-SJC',
24 silly get     etag: 'W/"72c86b8178897462d0c524499d8e8249"',
24 silly get     'expect-ct': 'max-age=604800, report-uri="https://report-uri.cloudflare.com/cdn-cgi/beacon/expect-ct"',
24 silly get     'last-modified': 'Fri, 04 Jan 2019 02:58:29 GMT',
24 silly get     vary: 'accept-encoding, accept',
24 silly get     'x-amz-meta-rev': '15-19ff37eb9ce490c09819211f98157e93',
24 silly get     server: 'cloudflare',
24 silly get     'content-encoding': 'gzip' } ]
25 verbose get saving hexo-leancloud-counter-security to C:\Users\Zong\AppData\Roaming\npm-cache\registry.npmjs.org\hexo-leancloud-counter-security\.cache.json
26 verbose correctMkdir C:\Users\Zong\AppData\Roaming\npm-cache correctMkdir not in flight; initializing
27 silly install normalizeTree
28 silly loadCurrentTree Finishing
29 silly loadIdealTree Starting
30 silly install loadIdealTree
31 silly cloneCurrentTree Starting
32 silly install cloneCurrentTreeToIdealTree
33 silly cloneCurrentTree Finishing
34 silly loadShrinkwrap Starting
35 silly install loadShrinkwrap
36 silly loadShrinkwrap Finishing
37 silly loadAllDepsIntoIdealTree Starting
38 silly install loadAllDepsIntoIdealTree
39 silly resolveWithNewModule hexo-leancloud-counter-security@1.4.0 checking installable status
40 silly cache add args [ 'hexo-leancloud-counter-security', null ]
41 verbose cache add spec hexo-leancloud-counter-security
42 silly cache add parsed spec Result {
42 silly cache add   raw: 'hexo-leancloud-counter-security',
42 silly cache add   scope: null,
42 silly cache add   escapedName: 'hexo-leancloud-counter-security',
42 silly cache add   name: 'hexo-leancloud-counter-security',
42 silly cache add   rawSpec: '',
42 silly cache add   spec: 'latest',
42 silly cache add   type: 'tag' }
43 silly addNamed hexo-leancloud-counter-security@latest
44 verbose addNamed "latest" is being treated as a dist-tag for hexo-leancloud-counter-security
45 info addNameTag [ 'hexo-leancloud-counter-security', 'latest' ]
46 silly mapToRegistry name hexo-leancloud-counter-security
47 silly mapToRegistry using default registry
48 silly mapToRegistry registry https://registry.npmjs.org/
49 silly mapToRegistry data Result {
49 silly mapToRegistry   raw: 'hexo-leancloud-counter-security',
49 silly mapToRegistry   scope: null,
49 silly mapToRegistry   escapedName: 'hexo-leancloud-counter-security',
49 silly mapToRegistry   name: 'hexo-leancloud-counter-security',
49 silly mapToRegistry   rawSpec: '',
49 silly mapToRegistry   spec: 'latest',
49 silly mapToRegistry   type: 'tag' }
50 silly mapToRegistry uri https://registry.npmjs.org/hexo-leancloud-counter-security
51 verbose addNameTag registry:https://registry.npmjs.org/hexo-leancloud-counter-security not in flight; fetching
52 verbose get https://registry.npmjs.org/hexo-leancloud-counter-security not expired, no request
53 silly addNameTag next cb for hexo-leancloud-counter-security with tag latest
54 silly addNamed hexo-leancloud-counter-security@1.4.0
55 verbose addNamed "1.4.0" is a plain semver version for hexo-leancloud-counter-security
56 silly mapToRegistry name hexo-leancloud-counter-security
57 silly mapToRegistry using default registry
58 silly mapToRegistry registry https://registry.npmjs.org/
59 silly mapToRegistry data Result {
59 silly mapToRegistry   raw: 'hexo-leancloud-counter-security',
59 silly mapToRegistry   scope: null,
59 silly mapToRegistry   escapedName: 'hexo-leancloud-counter-security',
59 silly mapToRegistry   name: 'hexo-leancloud-counter-security',
59 silly mapToRegistry   rawSpec: '',
59 silly mapToRegistry   spec: 'latest',
59 silly mapToRegistry   type: 'tag' }
60 silly mapToRegistry uri https://registry.npmjs.org/hexo-leancloud-counter-security
61 verbose addRemoteTarball https://registry.npmjs.org/hexo-leancloud-counter-security/-/hexo-leancloud-counter-security-1.4.0.tgz not in flight; adding
62 verbose addRemoteTarball [ 'https://registry.npmjs.org/hexo-leancloud-counter-security/-/hexo-leancloud-counter-security-1.4.0.tgz',
62 verbose addRemoteTarball   '7afecae5934847d56c5f19931957f1b3fec474b2' ]
63 info retry fetch attempt 1 at 14:19:56
64 info attempt registry request try #1 at 14:19:56
65 http fetch GET https://registry.npmjs.org/hexo-leancloud-counter-security/-/hexo-leancloud-counter-security-1.4.0.tgz
66 http fetch 200 https://registry.npmjs.org/hexo-leancloud-counter-security/-/hexo-leancloud-counter-security-1.4.0.tgz
67 silly fetchAndShaCheck shasum 7afecae5934847d56c5f19931957f1b3fec474b2
68 verbose addTmpTarball C:\Users\Zong\AppData\Local\Temp\npm-15788-4dd8eb8c\registry.npmjs.org\hexo-leancloud-counter-security\-\hexo-leancloud-counter-security-1.4.0.tgz not in flight; adding
69 verbose addTmpTarball already have metadata; skipping unpack for hexo-leancloud-counter-security@1.4.0
70 verbose correctMkdir C:\Users\Zong\AppData\Roaming\npm-cache correctMkdir not in flight; initializing
71 silly cache afterAdd hexo-leancloud-counter-security@1.4.0
72 verbose afterAdd C:\Users\Zong\AppData\Roaming\npm-cache\hexo-leancloud-counter-security\1.4.0\package\package.json not in flight; writing
73 verbose correctMkdir C:\Users\Zong\AppData\Roaming\npm-cache correctMkdir not in flight; initializing
74 verbose afterAdd C:\Users\Zong\AppData\Roaming\npm-cache\hexo-leancloud-counter-security\1.4.0\package\package.json written
75 silly fetchNamedPackageData leancloud-storage
76 silly mapToRegistry name leancloud-storage
77 silly mapToRegistry using default registry
78 silly mapToRegistry registry https://registry.npmjs.org/
79 silly mapToRegistry data Result {
79 silly mapToRegistry   raw: 'leancloud-storage',
79 silly mapToRegistry   scope: null,
79 silly mapToRegistry   escapedName: 'leancloud-storage',
79 silly mapToRegistry   name: 'leancloud-storage',
79 silly mapToRegistry   rawSpec: '',
79 silly mapToRegistry   spec: 'latest',
79 silly mapToRegistry   type: 'tag' }
80 silly mapToRegistry uri https://registry.npmjs.org/leancloud-storage
81 silly fetchNamedPackageData readline-sync
82 silly mapToRegistry name readline-sync
83 silly mapToRegistry using default registry
84 silly mapToRegistry registry https://registry.npmjs.org/
85 silly mapToRegistry data Result {
85 silly mapToRegistry   raw: 'readline-sync',
85 silly mapToRegistry   scope: null,
85 silly mapToRegistry   escapedName: 'readline-sync',
85 silly mapToRegistry   name: 'readline-sync',
85 silly mapToRegistry   rawSpec: '',
85 silly mapToRegistry   spec: 'latest',
85 silly mapToRegistry   type: 'tag' }
86 silly mapToRegistry uri https://registry.npmjs.org/readline-sync
87 verbose request uri https://registry.npmjs.org/leancloud-storage
88 verbose request no auth needed
89 info attempt registry request try #1 at 14:19:58
90 http request GET https://registry.npmjs.org/leancloud-storage
91 verbose request uri https://registry.npmjs.org/readline-sync
92 verbose request no auth needed
93 info attempt registry request try #1 at 14:19:58
94 http request GET https://registry.npmjs.org/readline-sync
95 http 200 https://registry.npmjs.org/leancloud-storage
96 verbose headers { date: 'Sun, 21 Apr 2019 06:20:00 GMT',
96 verbose headers   'content-type': 'application/json',
96 verbose headers   'transfer-encoding': 'chunked',
96 verbose headers   connection: 'keep-alive',
96 verbose headers   'set-cookie': [ '__cfduid=dd032786797a960adb4250b7526b00a5e1555827600; expires=Mon, 20-Apr-20 06:20:00 GMT; path=/; domain=.registry.npmjs.org; HttpOnly' ],
96 verbose headers   'cf-cache-status': 'HIT',
96 verbose headers   'cache-control': 'max-age=300',
96 verbose headers   'cf-ray': '4cad3fe41ef36cc4-SJC',
96 verbose headers   etag: 'W/"964833bb4cd8bbc6386c6145b5a56f85"',
96 verbose headers   'expect-ct': 'max-age=604800, report-uri="https://report-uri.cloudflare.com/cdn-cgi/beacon/expect-ct"',
96 verbose headers   'last-modified': 'Wed, 17 Apr 2019 08:10:31 GMT',
96 verbose headers   vary: 'accept-encoding, accept',
96 verbose headers   'x-amz-meta-rev': '98-9f71a607c135e500a696d4c888c90fe4',
96 verbose headers   server: 'cloudflare',
96 verbose headers   'content-encoding': 'gzip' }
97 silly get cb [ 200,
97 silly get   { date: 'Sun, 21 Apr 2019 06:20:00 GMT',
97 silly get     'content-type': 'application/json',
97 silly get     'transfer-encoding': 'chunked',
97 silly get     connection: 'keep-alive',
97 silly get     'set-cookie': [ '__cfduid=dd032786797a960adb4250b7526b00a5e1555827600; expires=Mon, 20-Apr-20 06:20:00 GMT; path=/; domain=.registry.npmjs.org; HttpOnly' ],
97 silly get     'cf-cache-status': 'HIT',
97 silly get     'cache-control': 'max-age=300',
97 silly get     'cf-ray': '4cad3fe41ef36cc4-SJC',
97 silly get     etag: 'W/"964833bb4cd8bbc6386c6145b5a56f85"',
97 silly get     'expect-ct': 'max-age=604800, report-uri="https://report-uri.cloudflare.com/cdn-cgi/beacon/expect-ct"',
97 silly get     'last-modified': 'Wed, 17 Apr 2019 08:10:31 GMT',
97 silly get     vary: 'accept-encoding, accept',
97 silly get     'x-amz-meta-rev': '98-9f71a607c135e500a696d4c888c90fe4',
97 silly get     server: 'cloudflare',
97 silly get     'content-encoding': 'gzip' } ]
98 verbose get saving leancloud-storage to C:\Users\Zong\AppData\Roaming\npm-cache\registry.npmjs.org\leancloud-storage\.cache.json
99 verbose correctMkdir C:\Users\Zong\AppData\Roaming\npm-cache correctMkdir not in flight; initializing
100 silly resolveWithNewModule leancloud-storage@3.13.0 checking installable status
101 silly cache add args [ 'leancloud-storage@^3.5.0', null ]
102 verbose cache add spec leancloud-storage@^3.5.0
103 silly cache add parsed spec Result {
103 silly cache add   raw: 'leancloud-storage@^3.5.0',
103 silly cache add   scope: null,
103 silly cache add   escapedName: 'leancloud-storage',
103 silly cache add   name: 'leancloud-storage',
103 silly cache add   rawSpec: '^3.5.0',
103 silly cache add   spec: '>=3.5.0 <4.0.0',
103 silly cache add   type: 'range' }
104 silly addNamed leancloud-storage@>=3.5.0 <4.0.0
105 verbose addNamed ">=3.5.0 <4.0.0" is a valid semver range for leancloud-storage
106 silly addNameRange { name: 'leancloud-storage',
106 silly addNameRange   range: '>=3.5.0 <4.0.0',
106 silly addNameRange   hasData: false }
107 silly mapToRegistry name leancloud-storage
108 silly mapToRegistry using default registry
109 silly mapToRegistry registry https://registry.npmjs.org/
110 silly mapToRegistry data Result {
110 silly mapToRegistry   raw: 'leancloud-storage',
110 silly mapToRegistry   scope: null,
110 silly mapToRegistry   escapedName: 'leancloud-storage',
110 silly mapToRegistry   name: 'leancloud-storage',
110 silly mapToRegistry   rawSpec: '',
110 silly mapToRegistry   spec: 'latest',
110 silly mapToRegistry   type: 'tag' }
111 silly mapToRegistry uri https://registry.npmjs.org/leancloud-storage
112 verbose addNameRange registry:https://registry.npmjs.org/leancloud-storage not in flight; fetching
113 verbose get https://registry.npmjs.org/leancloud-storage not expired, no request
114 silly addNameRange number 2 { name: 'leancloud-storage',
114 silly addNameRange   range: '>=3.5.0 <4.0.0',
114 silly addNameRange   hasData: true }
115 silly addNameRange versions [ 'leancloud-storage',
115 silly addNameRange   [ '1.0.0-rc8',
115 silly addNameRange     '1.0.0-rc9.1',
115 silly addNameRange     '1.0.0',
115 silly addNameRange     '1.1.0',
115 silly addNameRange     '1.2.0',
115 silly addNameRange     '1.2.1',
115 silly addNameRange     '1.3.0',
115 silly addNameRange     '1.3.1',
115 silly addNameRange     '1.3.2',
115 silly addNameRange     '1.3.3',
115 silly addNameRange     '1.4.0-beta.0',
115 silly addNameRange     '1.4.0',
115 silly addNameRange     '1.5.0',
115 silly addNameRange     '2.0.0-beta.0',
115 silly addNameRange     '2.0.0-beta.1',
115 silly addNameRange     '1.5.1',
115 silly addNameRange     '2.0.0-beta.2',
115 silly addNameRange     '2.0.0-beta.3',
115 silly addNameRange     '1.5.2',
115 silly addNameRange     '2.0.0-beta.4',
115 silly addNameRange     '2.0.0-beta.5',
115 silly addNameRange     '2.0.0-beta.6',
115 silly addNameRange     '1.5.3',
115 silly addNameRange     '2.0.0-rc.0',
115 silly addNameRange     '2.0.0',
115 silly addNameRange     '2.0.1',
115 silly addNameRange     '1.5.4',
115 silly addNameRange     '2.1.0',
115 silly addNameRange     '2.1.1',
115 silly addNameRange     '2.1.2',
115 silly addNameRange     '3.0.0-beta.0',
115 silly addNameRange     '3.0.0-beta.1',
115 silly addNameRange     '1.5.5',
115 silly addNameRange     '2.1.3',
115 silly addNameRange     '2.1.4',
115 silly addNameRange     '2.2.0',
115 silly addNameRange     '2.2.1',
115 silly addNameRange     '3.0.0-beta.2',
115 silly addNameRange     '2.3.0',
115 silly addNameRange     '2.3.2',
115 silly addNameRange     '2.4.0',
115 silly addNameRange     '2.5.0',
115 silly addNameRange     '3.0.0-beta.3',
115 silly addNameRange     '3.0.0',
115 silly addNameRange     '3.0.1',
115 silly addNameRange     '2.5.1',
115 silly addNameRange     '2.5.2',
115 silly addNameRange     '3.0.2',
115 silly addNameRange     '3.0.3',
115 silly addNameRange     '3.0.4',
115 silly addNameRange     '2.5.3',
115 silly addNameRange     '3.1.0',
115 silly addNameRange     '3.1.1',
115 silly addNameRange     '3.2.0',
115 silly addNameRange     '3.2.1',
115 silly addNameRange     '2.5.4',
115 silly addNameRange     '3.3.0',
115 silly addNameRange     '3.3.1',
115 silly addNameRange     '3.4.0',
115 silly addNameRange     '3.4.1',
115 silly addNameRange     '3.4.2',
115 silly addNameRange     '3.5.0',
115 silly addNameRange     '3.6.0',
115 silly addNameRange     '3.6.1',
115 silly addNameRange     '3.6.3',
115 silly addNameRange     '3.6.4',
115 silly addNameRange     '3.6.5',
115 silly addNameRange     '3.6.6',
115 silly addNameRange     '3.6.7',
115 silly addNameRange     '3.6.8',
115 silly addNameRange     '3.7.0-beta.0',
115 silly addNameRange     '3.7.0',
115 silly addNameRange     '3.7.1',
115 silly addNameRange     '3.7.2',
115 silly addNameRange     '3.7.3',
115 silly addNameRange     '3.8.0',
115 silly addNameRange     '3.8.1',
115 silly addNameRange     '3.9.0',
115 silly addNameRange     '3.10.0',
115 silly addNameRange     '3.11.0-beta.0',
115 silly addNameRange     '3.11.0',
115 silly addNameRange     '3.11.1',
115 silly addNameRange     '3.12.0',
115 silly addNameRange     '3.13.0' ] ]
116 silly addNamed leancloud-storage@3.13.0
117 verbose addNamed "3.13.0" is a plain semver version for leancloud-storage
118 silly mapToRegistry name leancloud-storage
119 silly mapToRegistry using default registry
120 silly mapToRegistry registry https://registry.npmjs.org/
121 silly mapToRegistry data Result {
121 silly mapToRegistry   raw: 'leancloud-storage',
121 silly mapToRegistry   scope: null,
121 silly mapToRegistry   escapedName: 'leancloud-storage',
121 silly mapToRegistry   name: 'leancloud-storage',
121 silly mapToRegistry   rawSpec: '',
121 silly mapToRegistry   spec: 'latest',
121 silly mapToRegistry   type: 'tag' }
122 silly mapToRegistry uri https://registry.npmjs.org/leancloud-storage
123 verbose addRemoteTarball https://registry.npmjs.org/leancloud-storage/-/leancloud-storage-3.13.0.tgz not in flight; adding
124 verbose addRemoteTarball [ 'https://registry.npmjs.org/leancloud-storage/-/leancloud-storage-3.13.0.tgz',
124 verbose addRemoteTarball   'c6383568797fc64babb700d05260ddb57aa9a1a0' ]
125 info retry fetch attempt 1 at 14:19:59
126 info attempt registry request try #1 at 14:19:59
127 http fetch GET https://registry.npmjs.org/leancloud-storage/-/leancloud-storage-3.13.0.tgz
128 http fetch 200 https://registry.npmjs.org/leancloud-storage/-/leancloud-storage-3.13.0.tgz
129 info retry will retry, error on last attempt: Error: read ECONNRESET
130 silly fetchAndShaCheck shasum c6383568797fc64babb700d05260ddb57aa9a1a0
131 info retry will retry, error on last attempt: Error: connect ETIMEDOUT 104.16.27.35:443
132 info attempt registry request try #2 at 14:20:28
133 http fetch GET https://registry.npmjs.org/leancloud-storage/-/leancloud-storage-3.13.0.tgz
134 info attempt registry request try #2 at 14:20:29
135 http request GET https://registry.npmjs.org/readline-sync
136 info retry will retry, error on last attempt: Error: connect ETIMEDOUT 104.16.27.35:443
137 info retry will retry, error on last attempt: Error: connect ETIMEDOUT 104.16.27.35:443
138 info attempt registry request try #3 at 14:21:49
139 http fetch GET https://registry.npmjs.org/leancloud-storage/-/leancloud-storage-3.13.0.tgz
140 info attempt registry request try #3 at 14:21:50
141 http request GET https://registry.npmjs.org/readline-sync
142 silly fetchPackageMetaData Error: connect ETIMEDOUT 104.16.27.35:443
142 silly fetchPackageMetaData     at Object.exports._errnoException (util.js:1020:11)
142 silly fetchPackageMetaData     at exports._exceptionWithHostPort (util.js:1043:20)
142 silly fetchPackageMetaData     at TCPConnectWrap.afterConnect [as oncomplete] (net.js:1090:14)
142 silly fetchPackageMetaData  error for readline-sync@^1.4.7 { Error: connect ETIMEDOUT 104.16.27.35:443
142 silly fetchPackageMetaData     at Object.exports._errnoException (util.js:1020:11)
142 silly fetchPackageMetaData     at exports._exceptionWithHostPort (util.js:1043:20)
142 silly fetchPackageMetaData     at TCPConnectWrap.afterConnect [as oncomplete] (net.js:1090:14)
142 silly fetchPackageMetaData   code: 'ETIMEDOUT',
142 silly fetchPackageMetaData   errno: 'ETIMEDOUT',
142 silly fetchPackageMetaData   syscall: 'connect',
142 silly fetchPackageMetaData   address: '104.16.27.35',
142 silly fetchPackageMetaData   port: 443 }
143 silly rollbackFailedOptional Starting
144 silly rollbackFailedOptional Finishing
145 silly runTopLevelLifecycles Finishing
146 silly install printInstalled
147 verbose stack Error: shasum check failed for C:\Users\Zong\AppData\Local\Temp\npm-15788-4dd8eb8c\registry.npmjs.org\leancloud-storage\-\leancloud-storage-3.13.0.tgz
147 verbose stack Expected: c6383568797fc64babb700d05260ddb57aa9a1a0
147 verbose stack Actual:   55c53578e8a69d81d368080f14692229cc396ef9
147 verbose stack From:     https://registry.npmjs.org/leancloud-storage/-/leancloud-storage-3.13.0.tgz
147 verbose stack     at D:\Program Files\nodejs\node_modules\npm\node_modules\sha\index.js:25:8
147 verbose stack     at ReadStream.<anonymous> (D:\Program Files\nodejs\node_modules\npm\node_modules\sha\index.js:72:7)
147 verbose stack     at emitNone (events.js:91:20)
147 verbose stack     at ReadStream.emit (events.js:185:7)
147 verbose stack     at endReadableNT (_stream_readable.js:974:12)
147 verbose stack     at _combinedTickCallback (internal/process/next_tick.js:80:11)
147 verbose stack     at process._tickCallback (internal/process/next_tick.js:104:9)
148 verbose cwd E:\code\git-code\zkzong.github.io
149 error Windows_NT 10.0.17763
150 error argv "D:\\Program Files\\nodejs\\node.exe" "D:\\Program Files\\nodejs\\node_modules\\npm\\bin\\npm-cli.js" "install" "hexo-leancloud-counter-security" "--save"
151 error node v6.11.4
152 error npm  v3.10.10
153 error shasum check failed for C:\Users\Zong\AppData\Local\Temp\npm-15788-4dd8eb8c\registry.npmjs.org\leancloud-storage\-\leancloud-storage-3.13.0.tgz
153 error Expected: c6383568797fc64babb700d05260ddb57aa9a1a0
153 error Actual:   55c53578e8a69d81d368080f14692229cc396ef9
153 error From:     https://registry.npmjs.org/leancloud-storage/-/leancloud-storage-3.13.0.tgz
154 error If you need help, you may report this error at:
154 error     <https://github.com/npm/npm/issues>
155 verbose exit [ 1, true ]
